INFO:pycommerce.services.mail:Email template directory: /home/runner/workspace/templates/emails
INFO:pycommerce.plugins.payment.config:Successfully loaded payment settings from database
INFO:pycommerce.plugins.payment.config:Using development Stripe credentials
INFO:pycommerce.plugins.payment.config:Using development PayPal credentials
INFO:pycommerce.plugins.payment.stripe:Initializing Stripe payment plugin
INFO:pycommerce.plugins:Registering plugin: stripe_payment v0.1.0
INFO:pycommerce.plugins.payment.stripe:Initializing Stripe payment plugin
INFO:pycommerce:Registered payment plugin: stripe
INFO:pycommerce.plugins.payment.paypal:Initializing PayPal payment plugin
INFO:pycommerce.plugins:Registering plugin: paypal_payment v0.1.0
INFO:pycommerce.plugins.payment.paypal:Initializing PayPal payment plugin
INFO:pycommerce:Registered payment plugin: paypal
INFO:pycommerce.plugins:Registering plugin: standard_shipping v0.1.0
INFO:pycommerce.plugins.shipping.standard:Initializing Standard shipping plugin
INFO:pycommerce:Registered shipping plugin: standard
INFO:main:Starting to add default sections to pages
INFO:main:Starting to add default sections to pages without content
ERROR:main:Error adding default sections: TenantManager.__init__() takes 1 positional argument but 2 were given
Traceback (most recent call last):
  File "/home/runner/workspace/add_default_sections.py", line 30, in add_default_sections
    tenant_manager = TenantManager(session)
                     ^^^^^^^^^^^^^^^^^^^^^^
TypeError: TenantManager.__init__() takes 1 positional argument but 2 were given

During handling of the above exception, another exception occurred:

Traceback (most recent call last):
  File "/home/runner/workspace/add_default_sections.py", line 115, in <module>
    section_count, block_count = add_default_sections()
                                 ^^^^^^^^^^^^^^^^^^^^^^
  File "/home/runner/workspace/add_default_sections.py", line 109, in add_default_sections
    return 0, L
              ^
NameError: name 'L' is not defined
